# JRE version: OpenJDK Runtime Environment Temurin-21.0.10+7 (21.0.10+7) (build 21.0.10+7-LTS)
# Java VM: OpenJDK 64-Bit Server VM Temurin-21.0.10+7 (21.0.10+7-LTS, mixed mode, sharing, tiered, compressed oops, compressed class ptrs, g1 gc, windows-amd64)
GC Precious Log:
 CardTable entry size: 512
 Card Set container configuration: InlinePtr #cards 5 size 8 Array Of Cards #cards 12 size 40 Howl #buckets 4 coarsen threshold 1843 Howl Bitmap #cards 512 size 80 coarsen threshold 460 Card regions per heap region 1 cards per card region 2048
 CPUs: 2 total, 2 available
 Memory: 3800M
 Large Page Support: Disabled
 NUMA Support: Disabled
 Compressed Oops: Enabled (32-bit)
 Heap Region Size: 1M
 Heap Min Capacity: 256M
 Heap Initial Capacity: 256M
 Heap Max Capacity: 512M
 Pre-touch: Disabled
 Parallel Workers: 2
 Concurrent Workers: 1
 Concurrent Refinement Workers: 2
 Periodic GC: Disabled
Heap:
 garbage-first heap   total 262144K, used 200884K [0x00000000e0000000, 0x0000000100000000)
  region size 1024K, 90 young (92160K), 4 survivors (4096K)
 Metaspace       used 100143K, committed 101632K, reserved 458752K
  class space    used 13631K, committed 14336K, reserved 327680K
GC Heap History (20 events):
Event: 909.236 GC heap before
{Heap before GC invocations=29 (full 0):
 garbage-first heap   total 262144K, used 131943K [0x00000000e0000000, 0x0000000100000000)
  region size 1024K, 22 young (22528K), 4 survivors (4096K)
 Metaspace       used 83553K, committed 84800K, reserved 458752K
  class space    used 11419K, committed 12032K, reserved 327680K
}
Event: 909.309 GC heap after
{Heap after GC invocations=30 (full 0):
 garbage-first heap   total 262144K, used 114919K [0x00000000e0000000, 0x0000000100000000)
  region size 1024K, 2 young (2048K), 2 survivors (2048K)
 Metaspace       used 83553K, committed 84800K, reserved 458752K
  class space    used 11419K, committed 12032K, reserved 327680K
}
Event: 931.174 GC heap before
{Heap before GC invocations=30 (full 0):
 garbage-first heap   total 262144K, used 157927K [0x00000000e0000000, 0x0000000100000000)
  region size 1024K, 45 young (46080K), 2 survivors (2048K)
 Metaspace       used 86552K, committed 87808K, reserved 458752K
  class space    used 11859K, committed 12480K, reserved 327680K
}
Event: 931.223 GC heap after
{Heap after GC invocations=31 (full 0):
 garbage-first heap   total 262144K, used 116424K [0x00000000e0000000, 0x0000000100000000)
  region size 1024K, 4 young (4096K), 4 survivors (4096K)
 Metaspace       used 86552K, committed 87808K, reserved 458752K
  class space    used 11859K, committed 12480K, reserved 327680K
}
Event: 960.528 GC heap before
{Heap before GC invocations=31 (full 0):
 garbage-first heap   total 262144K, used 162504K [0x00000000e0000000, 0x0000000100000000)
  region size 1024K, 49 young (50176K), 4 survivors (4096K)
 Metaspace       used 88277K, committed 89664K, reserved 458752K
  class space    used 12081K, committed 12736K, reserved 327680K
}
Event: 960.609 GC heap after
{Heap after GC invocations=32 (full 0):
 garbage-first heap   total 262144K, used 119808K [0x00000000e0000000, 0x0000000100000000)
  region size 1024K, 7 young (7168K), 7 survivors (7168K)
 Metaspace       used 88277K, committed 89664K, reserved 458752K
  class space    used 12081K, committed 12736K, reserved 327680K
}
Event: 968.831 GC heap before
{Heap before GC invocations=32 (full 0):
 garbage-first heap   total 262144K, used 139264K [0x00000000e0000000, 0x0000000100000000)
  region size 1024K, 26 young (26624K), 7 survivors (7168K)
 Metaspace       used 89076K, committed 90432K, reserved 458752K
  class space    used 12190K, committed 12864K, reserved 327680K
}
Event: 968.917 GC heap after
{Heap after GC invocations=33 (full 0):
 garbage-first heap   total 262144K, used 122368K [0x00000000e0000000, 0x0000000100000000)
  region size 1024K, 3 young (3072K), 3 survivors (3072K)
 Metaspace       used 89076K, committed 90432K, reserved 458752K
  class space    used 12190K, committed 12864K, reserved 327680K
}
Event: 975.028 GC heap before
{Heap before GC invocations=34 (full 0):
 garbage-first heap   total 262144K, used 140800K [0x00000000e0000000, 0x0000000100000000)
  region size 1024K, 23 young (23552K), 3 survivors (3072K)
 Metaspace       used 88738K, committed 90240K, reserved 458752K
  class space    used 12151K, committed 12864K, reserved 327680K
}
Event: 975.130 GC heap after
{Heap after GC invocations=35 (full 0):
 garbage-first heap   total 262144K, used 115707K [0x00000000e0000000, 0x0000000100000000)
  region size 1024K, 2 young (2048K), 2 survivors (2048K)
 Metaspace       used 88738K, committed 90240K, reserved 458752K
  class space    used 12151K, committed 12864K, reserved 327680K
}
Event: 1014.532 GC heap before
{Heap before GC invocations=35 (full 0):
 garbage-first heap   total 262144K, used 173051K [0x00000000e0000000, 0x0000000100000000)
  region size 1024K, 58 young (59392K), 2 survivors (2048K)
 Metaspace       used 89228K, committed 90560K, reserved 458752K
  class space    used 12185K, committed 12864K, reserved 327680K
}
Event: 1014.659 GC heap after
{Heap after GC invocations=36 (full 0):
 garbage-first heap   total 262144K, used 119967K [0x00000000e0000000, 0x0000000100000000)
  region size 1024K, 8 young (8192K), 8 survivors (8192K)
 Metaspace       used 89228K, committed 90560K, reserved 458752K
  class space    used 12185K, committed 12864K, reserved 327680K
}
Event: 1031.293 GC heap before
{Heap before GC invocations=36 (full 0):
 garbage-first heap   total 262144K, used 140447K [0x00000000e0000000, 0x0000000100000000)
  region size 1024K, 28 young (28672K), 8 survivors (8192K)
 Metaspace       used 89296K, committed 90624K, reserved 458752K
  class space    used 12186K, committed 12864K, reserved 327680K
}
Event: 1031.357 GC heap after
{Heap after GC invocations=37 (full 0):
 garbage-first heap   total 262144K, used 115803K [0x00000000e0000000, 0x0000000100000000)
  region size 1024K, 2 young (2048K), 2 survivors (2048K)
 Metaspace       used 89296K, committed 90624K, reserved 458752K
  class space    used 12186K, committed 12864K, reserved 327680K
}
Event: 1077.467 GC heap before
{Heap before GC invocations=37 (full 0):
 garbage-first heap   total 262144K, used 185435K [0x00000000e0000000, 0x0000000100000000)
  region size 1024K, 70 young (71680K), 2 survivors (2048K)
 Metaspace       used 89628K, committed 90944K, reserved 458752K
  class space    used 12205K, committed 12864K, reserved 327680K
}
Event: 1077.595 GC heap after
{Heap after GC invocations=38 (full 0):
 garbage-first heap   total 262144K, used 114679K [0x00000000e0000000, 0x0000000100000000)
  region size 1024K, 2 young (2048K), 2 survivors (2048K)
 Metaspace       used 89628K, committed 90944K, reserved 458752K
  class space    used 12205K, committed 12864K, reserved 327680K
}
Event: 1095.673 GC heap before
{Heap before GC invocations=38 (full 0):
 garbage-first heap   total 262144K, used 178167K [0x00000000e0000000, 0x0000000100000000)
  region size 1024K, 64 young (65536K), 2 survivors (2048K)
 Metaspace       used 93393K, committed 94720K, reserved 458752K
  class space    used 12717K, committed 13376K, reserved 327680K
}
Event: 1095.744 GC heap after
{Heap after GC invocations=39 (full 0):
 garbage-first heap   total 262144K, used 115935K [0x00000000e0000000, 0x0000000100000000)
  region size 1024K, 5 young (5120K), 5 survivors (5120K)
 Metaspace       used 93393K, committed 94720K, reserved 458752K
  class space    used 12717K, committed 13376K, reserved 327680K
}
Event: 1115.552 GC heap before
{Heap before GC invocations=39 (full 0):
 garbage-first heap   total 262144K, used 178399K [0x00000000e0000000, 0x0000000100000000)
  region size 1024K, 66 young (67584K), 5 survivors (5120K)
 Metaspace       used 96159K, committed 97600K, reserved 458752K
  class space    used 13090K, committed 13824K, reserved 327680K
}
Event: 1115.599 GC heap after
{Heap after GC invocations=40 (full 0):
 garbage-first heap   total 262144K, used 113844K [0x00000000e0000000, 0x0000000100000000)
  region size 1024K, 4 young (4096K), 4 survivors (4096K)
 Metaspace       used 96159K, committed 97600K, reserved 458752K
  class space    used 13090K, committed 13824K, reserved 327680K
}

