GC Precious Log:
 CardTable entry size: 512
 Card Set container configuration: InlinePtr #cards 5 size 8 Array Of Cards #cards 12 size 40 Howl #buckets 4 coarsen threshold 1843 Howl Bitmap #cards 512 size 80 coarsen threshold 460 Card regions per heap region 1 cards per card region 2048
 CPUs: 2 total, 2 available
 Memory: 3800M
 Large Page Support: Disabled
 NUMA Support: Disabled
 Compressed Oops: Enabled (32-bit)
 Heap Region Size: 1M
 Heap Min Capacity: 8M
 Heap Initial Capacity: 60M
 Heap Max Capacity: 2G
 Pre-touch: Disabled
 Parallel Workers: 2
 Concurrent Workers: 1
 Concurrent Refinement Workers: 2
 Periodic GC: Disabled
Heap:
 garbage-first heap   total 61440K, used 44268K [0x0000000080000000, 0x0000000100000000)
  region size 1024K, 24 young (24576K), 2 survivors (2048K)
 Metaspace       used 18854K, committed 19392K, reserved 491520K
  class space    used 2704K, committed 3008K, reserved 425984K
GC Heap History (14 events):
Event: 21.565 GC heap before
{Heap before GC invocations=0 (full 0):
 garbage-first heap   total 61440K, used 6144K [0x0000000080000000, 0x0000000100000000)
  region size 1024K, 6 young (6144K), 0 survivors (0K)
 Metaspace       used 765K, committed 896K, reserved 491520K
  class space    used 71K, committed 128K, reserved 425984K
}
Event: 22.922 GC heap after
{Heap after GC invocations=1 (full 0):
 garbage-first heap   total 61440K, used 1024K [0x0000000080000000, 0x0000000100000000)
  region size 1024K, 1 young (1024K), 1 survivors (1024K)
 Metaspace       used 765K, committed 896K, reserved 491520K
  class space    used 71K, committed 128K, reserved 425984K
}
Event: 28.188 GC heap before
{Heap before GC invocations=1 (full 0):
 garbage-first heap   total 61440K, used 6144K [0x0000000080000000, 0x0000000100000000)
  region size 1024K, 7 young (7168K), 1 survivors (1024K)
 Metaspace       used 821K, committed 960K, reserved 491520K
  class space    used 71K, committed 128K, reserved 425984K
}
Event: 28.194 GC heap after
{Heap after GC invocations=2 (full 0):
 garbage-first heap   total 61440K, used 1392K [0x0000000080000000, 0x0000000100000000)
  region size 1024K, 1 young (1024K), 1 survivors (1024K)
 Metaspace       used 821K, committed 960K, reserved 491520K
  class space    used 71K, committed 128K, reserved 425984K
}
Event: 57.947 GC heap before
{Heap before GC invocations=2 (full 0):
 garbage-first heap   total 61440K, used 14704K [0x0000000080000000, 0x0000000100000000)
  region size 1024K, 15 young (15360K), 1 survivors (1024K)
 Metaspace       used 1157K, committed 1280K, reserved 491520K
  class space    used 81K, committed 128K, reserved 425984K
}
Event: 57.979 GC heap after
{Heap after GC invocations=3 (full 0):
 garbage-first heap   total 61440K, used 5906K [0x0000000080000000, 0x0000000100000000)
  region size 1024K, 2 young (2048K), 2 survivors (2048K)
 Metaspace       used 1157K, committed 1280K, reserved 491520K
  class space    used 81K, committed 128K, reserved 425984K
}
Event: 161.567 GC heap before
{Heap before GC invocations=3 (full 0):
 garbage-first heap   total 61440K, used 43794K [0x0000000080000000, 0x0000000100000000)
  region size 1024K, 36 young (36864K), 2 survivors (2048K)
 Metaspace       used 4443K, committed 4672K, reserved 491520K
  class space    used 560K, committed 640K, reserved 425984K
}
Event: 161.686 GC heap after
{Heap after GC invocations=4 (full 0):
 garbage-first heap   total 61440K, used 11371K [0x0000000080000000, 0x0000000100000000)
  region size 1024K, 5 young (5120K), 5 survivors (5120K)
 Metaspace       used 4443K, committed 4672K, reserved 491520K
  class space    used 560K, committed 640K, reserved 425984K
}
Event: 176.067 GC heap before
{Heap before GC invocations=4 (full 0):
 garbage-first heap   total 61440K, used 45163K [0x0000000080000000, 0x0000000100000000)
  region size 1024K, 36 young (36864K), 5 survivors (5120K)
 Metaspace       used 4524K, committed 4736K, reserved 491520K
  class space    used 561K, committed 640K, reserved 425984K
}
Event: 176.096 GC heap after
{Heap after GC invocations=5 (full 0):
 garbage-first heap   total 61440K, used 16521K [0x0000000080000000, 0x0000000100000000)
  region size 1024K, 4 young (4096K), 4 survivors (4096K)
 Metaspace       used 4524K, committed 4736K, reserved 491520K
  class space    used 561K, committed 640K, reserved 425984K
}
Event: 245.901 GC heap before
{Heap before GC invocations=5 (full 0):
 garbage-first heap   total 61440K, used 49289K [0x0000000080000000, 0x0000000100000000)
  region size 1024K, 36 young (36864K), 4 survivors (4096K)
 Metaspace       used 10786K, committed 11136K, reserved 491520K
  class space    used 1458K, committed 1664K, reserved 425984K
}
Event: 246.086 GC heap after
{Heap after GC invocations=6 (full 0):
 garbage-first heap   total 61440K, used 20783K [0x0000000080000000, 0x0000000100000000)
  region size 1024K, 4 young (4096K), 4 survivors (4096K)
 Metaspace       used 10786K, committed 11136K, reserved 491520K
  class space    used 1458K, committed 1664K, reserved 425984K
}
Event: 321.722 GC heap before
{Heap before GC invocations=6 (full 0):
 garbage-first heap   total 61440K, used 48431K [0x0000000080000000, 0x0000000100000000)
  region size 1024K, 32 young (32768K), 4 survivors (4096K)
 Metaspace       used 15766K, committed 16192K, reserved 491520K
  class space    used 2177K, committed 2368K, reserved 425984K
}
Event: 321.853 GC heap after
{Heap after GC invocations=7 (full 0):
 garbage-first heap   total 61440K, used 22764K [0x0000000080000000, 0x0000000100000000)
  region size 1024K, 2 young (2048K), 2 survivors (2048K)
 Metaspace       used 15766K, committed 16192K, reserved 491520K
  class space    used 2177K, committed 2368K, reserved 425984K
}

